[2025-01-23 11:31:40] [INFO] Rozpoczęcie wykrywania kamer...
[2025-01-23 11:31:42] [INFO] Znaleziono kamerę 0
[2025-01-23 11:31:42] [INFO] Kamery zostały załadowane.
[2025-01-23 11:31:53] [INFO] Kamera została uruchomiona.
[2025-01-23 11:32:08] [INFO] Wykryte twarze zostały zapisane w katalogu 'Face'.
[2025-01-23 11:32:19] [INFO] Model został wytrenowany i zapisany!
[2025-01-23 11:32:26] [INFO] Kamera została wyłączona.
[2025-01-23 11:35:47] [INFO] Rozpoczęcie wykrywania kamer...
[2025-01-23 11:35:48] [INFO] Znaleziono kamerę 0
[2025-01-23 11:35:49] [INFO] Kamery zostały załadowane.
[2025-01-23 11:35:51] [INFO] Kamera została uruchomiona.
[2025-01-23 11:36:52] [INFO] Wykryte twarze zostały zapisane w katalogu 'Face'.
[2025-01-23 11:36:58] [INFO] Model został wytrenowany i zapisany!
[2025-01-23 11:37:31] [INFO] Wykryte twarze zostały zapisane w katalogu 'Face'.
[2025-01-23 11:37:35] [INFO] Wykryte twarze zostały zapisane w katalogu 'Face'.
[2025-01-23 11:37:40] [INFO] Wykryte twarze zostały zapisane w katalogu 'Face'.
[2025-01-23 11:37:45] [INFO] Model został wytrenowany i zapisany!
[2025-01-23 11:37:56] [INFO] Kamera została wyłączona.
[2025-01-23 13:05:24] [INFO] Rozpoczęcie wykrywania kamer...
[2025-01-23 13:05:26] [INFO] Znaleziono kamerę 0
[2025-01-23 13:05:26] [INFO] Kamery zostały załadowane.
[2025-01-23 13:05:30] [INFO] Kamera została uruchomiona.
[2025-01-23 13:05:45] [INFO] Wykryte twarze zostały zapisane w katalogu 'Face'.
[2025-01-23 13:05:51] [INFO] Model został wytrenowany i zapisany!
[2025-01-23 13:05:54] [INFO] Wykryte twarze zostały zapisane w katalogu 'Face'.
[2025-01-23 13:05:57] [INFO] Wykryte twarze zostały zapisane w katalogu 'Face'.
[2025-01-23 13:06:01] [INFO] Model został wytrenowany i zapisany!
[2025-01-23 13:06:23] [INFO] Wykryte twarze zostały zapisane w katalogu 'Face'.
[2025-01-23 13:06:29] [INFO] Model został wytrenowany i zapisany!
[2025-01-23 13:07:02] [INFO] Kamera została wyłączona.
